[
  {
    "_readableState": "1",
    "_events": "2",
    "_eventsCount": 1,
    "socket": "3",
    "httpVersionMajor": 1,
    "httpVersionMinor": 1,
    "httpVersion": "4",
    "complete": true,
    "rawHeaders": "5",
    "rawTrailers": "6",
    "aborted": false,
    "upgrade": false,
    "url": "7",
    "method": "8",
    "statusCode": null,
    "statusMessage": null,
    "client": "3",
    "_consuming": false,
    "_dumped": false,
    "baseUrl": "9",
    "originalUrl": "10",
    "_parsedUrl": "11",
    "params": "12",
    "query": "13",
    "res": "14",
    "body": "15",
    "route": "16"
  },
  {
    "objectMode": false,
    "highWaterMark": 16384,
    "buffer": "17",
    "length": 0,
    "pipes": "18",
    "flowing": null,
    "ended": true,
    "endEmitted": false,
    "reading": false,
    "constructed": true,
    "sync": true,
    "needReadable": false,
    "emittedReadable": false,
    "readableListening": false,
    "resumeScheduled": false,
    "errorEmitted": false,
    "emitClose": true,
    "autoDestroy": true,
    "destroyed": false,
    "errored": null,
    "closed": false,
    "closeEmitted": false,
    "defaultEncoding": "19",
    "awaitDrainWriters": null,
    "multiAwaitDrain": false,
    "readingMore": true,
    "dataEmitted": false,
    "decoder": null,
    "encoding": null
  },
  {},
  {
    "connecting": false,
    "_hadError": false,
    "_parent": null,
    "_host": null,
    "_readableState": "20",
    "_events": "21",
    "_eventsCount": 8,
    "_writableState": "22",
    "allowHalfOpen": true,
    "_sockname": null,
    "_pendingData": null,
    "_pendingEncoding": "23",
    "server": "24",
    "_server": "24",
    "parser": "25",
    "_paused": false,
    "_httpMessage": "14"
  },
  "1.1",
  [
    "26",
    "27",
    "28",
    "29",
    "30",
    "31",
    "32",
    "33",
    "34",
    "35",
    "36",
    "37",
    "38",
    "39",
    "40",
    "41",
    "42",
    "43",
    "44",
    "45",
    "46",
    "47",
    "48",
    "49",
    "50",
    "51",
    "52",
    "53",
    "54",
    "55"
  ],
  [],
  "/images",
  "POST",
  "/api/v1",
  "/api/v1/images",
  {
    "protocol": null,
    "slashes": null,
    "auth": null,
    "host": null,
    "port": null,
    "hostname": null,
    "hash": null,
    "search": null,
    "query": null,
    "pathname": "7",
    "path": "7",
    "href": "7",
    "_raw": "7"
  },
  {},
  {},
  {
    "_events": "56",
    "_eventsCount": 1,
    "outputData": "57",
    "outputSize": 0,
    "writable": true,
    "destroyed": false,
    "_last": false,
    "chunkedEncoding": false,
    "shouldKeepAlive": true,
    "maxRequestsOnConnectionReached": false,
    "_defaultKeepAlive": true,
    "useChunkedEncodingByDefault": true,
    "sendDate": true,
    "_removedConnection": false,
    "_removedContLen": false,
    "_removedTE": false,
    "_contentLength": null,
    "_hasBody": true,
    "_trailer": "23",
    "finished": false,
    "_headerSent": false,
    "_closed": false,
    "socket": "3",
    "_header": null,
    "_keepAliveTimeout": 5000,
    "req": "0",
    "_sent100": false,
    "_expect_continue": false,
    "locals": "58"
  },
  {},
  {
    "path": "7",
    "stack": "59",
    "methods": "60"
  },
  {
    "head": null,
    "tail": null,
    "length": 0
  },
  [],
  "utf8",
  {
    "objectMode": false,
    "highWaterMark": 16384,
    "buffer": "61",
    "length": 0,
    "pipes": "62",
    "flowing": true,
    "ended": false,
    "endEmitted": false,
    "reading": true,
    "constructed": true,
    "sync": false,
    "needReadable": true,
    "emittedReadable": false,
    "readableListening": false,
    "resumeScheduled": false,
    "errorEmitted": false,
    "emitClose": false,
    "autoDestroy": true,
    "destroyed": false,
    "errored": null,
    "closed": false,
    "closeEmitted": false,
    "defaultEncoding": "19",
    "awaitDrainWriters": null,
    "multiAwaitDrain": false,
    "readingMore": false,
    "dataEmitted": false,
    "decoder": null,
    "encoding": null
  },
  {
    "end": "63",
    "close": "64"
  },
  {
    "objectMode": false,
    "highWaterMark": 16384,
    "finalCalled": false,
    "needDrain": false,
    "ending": false,
    "ended": false,
    "finished": false,
    "destroyed": false,
    "decodeStrings": false,
    "defaultEncoding": "19",
    "length": 0,
    "writing": false,
    "corked": 0,
    "sync": true,
    "bufferProcessing": false,
    "writecb": null,
    "writelen": 0,
    "afterWriteTickInfo": null,
    "buffered": "65",
    "bufferedIndex": 0,
    "allBuffers": true,
    "allNoop": true,
    "pendingcb": 0,
    "constructed": true,
    "prefinished": false,
    "errorEmitted": false,
    "emitClose": false,
    "autoDestroy": true,
    "errored": null,
    "closed": false,
    "closeEmitted": false
  },
  "",
  {
    "_events": "66",
    "_eventsCount": 2,
    "_connections": 1,
    "_handle": "67",
    "_usingWorkers": false,
    "_workers": "68",
    "_unref": false,
    "allowHalfOpen": true,
    "pauseOnConnect": false,
    "httpAllowHalfOpen": false,
    "timeout": 0,
    "keepAliveTimeout": 5000,
    "maxHeadersCount": null,
    "maxRequestsPerSocket": 0,
    "headersTimeout": 60000,
    "requestTimeout": 0,
    "_connectionKey": "69"
  },
  {
    "_headers": "70",
    "_url": "23",
    "socket": "3",
    "incoming": "0",
    "outgoing": null,
    "maxHeaderPairs": 2000,
    "_consumed": true
  },
  "Host",
  "localhost:8080",
  "Connection",
  "keep-alive",
  "Content-Length",
  "0",
  "sec-ch-ua",
  "\"Chromium\";v=\"106\", \"Google Chrome\";v=\"106\", \"Not;A=Brand\";v=\"99\"",
  "accept",
  "application/json",
  "sec-ch-ua-mobile",
  "?0",
  "User-Agent",
  "Mozilla/5.0 (Windows NT 10.0; Win64; x64) AppleWebKit/537.36 (KHTML, like Gecko) Chrome/106.0.0.0 Safari/537.36",
  "sec-ch-ua-platform",
  "\"Windows\"",
  "Origin",
  "http://localhost:8080",
  "Sec-Fetch-Site",
  "same-origin",
  "Sec-Fetch-Mode",
  "cors",
  "Sec-Fetch-Dest",
  "empty",
  "Referer",
  "http://localhost:8080/docs/",
  "Accept-Encoding",
  "gzip, deflate, br",
  "Accept-Language",
  "en-US,en;q=0.9,es-VE;q=0.8,es;q=0.7,zh-CN;q=0.6,zh-TW;q=0.5,zh;q=0.4",
  {},
  [],
  {},
  [
    "71"
  ],
  {
    "post": true
  },
  {
    "head": null,
    "tail": null,
    "length": 0
  },
  [],
  [
    null,
    null
  ],
  [
    null,
    null
  ],
  [],
  {},
  {
    "reading": false
  },
  [],
  "6::::8080",
  [],
  {
    "name": "72",
    "keys": "73",
    "regexp": "74",
    "method": "75"
  },
  "<anonymous>",
  [],
  {
    "fast_star": false,
    "fast_slash": false
  },
  "post"
]